<?xml version="1.0" encoding="UTF-8"?>
<robot generator="Robot 5.0.1 (Python 3.10.6 on darwin)" generated="20231019 01:37:46.241" rpa="false" schemaversion="3">
<suite id="s1" name="Submit Application" source="/Users/laptopname/PycharmProjects/optimy-automation/features/submit_application.robot">
<test id="s1-t1" name="user is successfully submitted application form using valid values" line="11">
<kw name="open optimy identification web application" library="utility_keywords" type="SETUP">
<kw name="Get Driver Path" library="WebDriverManager">
<var>${driver_path}</var>
<arg>${browser_type}</arg>
<msg timestamp="20231019 01:37:46.659" level="INFO">====== WebDriver manager ======</msg>
<msg timestamp="20231019 01:37:46.869" level="INFO">Get LATEST chromedriver version for google-chrome</msg>
<msg timestamp="20231019 01:37:46.950" level="INFO">Get LATEST chromedriver version for google-chrome</msg>
<msg timestamp="20231019 01:37:47.010" level="INFO">Driver [/Users/laptopname/.wdm/drivers/chromedriver/mac64/118.0.5993.70/chromedriver-mac-x64/chromedriver] found in cache</msg>
<msg timestamp="20231019 01:37:47.011" level="INFO">${driver_path} = /Users/laptopname/.wdm/drivers/chromedriver/mac64/118.0.5993.70/chromedriver-mac-x64/chromedriver</msg>
<status status="PASS" starttime="20231019 01:37:46.658" endtime="20231019 01:37:47.011"/>
</kw>
<kw name="Open Browser" library="SeleniumLibrary">
<arg>${test_url}</arg>
<arg>${browser_type}</arg>
<arg>executable_path=${driver_path}</arg>
<doc>Opens a new browser instance to the optional ``url``.</doc>
<msg timestamp="20231019 01:37:47.012" level="INFO">Opening browser 'chrome' to base url 'https://automationinterface1.front.staging.optimy.net/en/'.</msg>
<status status="PASS" starttime="20231019 01:37:47.011" endtime="20231019 01:37:52.538"/>
</kw>
<kw name="Maximize Browser Window" library="SeleniumLibrary">
<doc>Maximizes current browser window.</doc>
<status status="PASS" starttime="20231019 01:37:52.539" endtime="20231019 01:37:52.966"/>
</kw>
<kw name="Set Selenium Implicit Wait" library="SeleniumLibrary">
<arg>30s</arg>
<doc>Sets the implicit wait value used by Selenium.</doc>
<status status="PASS" starttime="20231019 01:37:52.966" endtime="20231019 01:37:52.968"/>
</kw>
<status status="PASS" starttime="20231019 01:37:46.658" endtime="20231019 01:37:52.968"/>
</kw>
<kw name="Given user is on the application form page" library="submit_application_steps">
<kw name="user logs in with valid credentials" library="common_steps">
<kw name="click allow all cookies button" library="landing_page">
<kw name="click the element" library="utility_keywords">
<arg>${lndng_pg_close_btn}</arg>
<kw name="Wait Until Element Is Visible" library="SeleniumLibrary">
<arg>${locator}</arg>
<arg>timeout=60s</arg>
<doc>Waits until the element ``locator`` is visible.</doc>
<status status="PASS" starttime="20231019 01:37:52.970" endtime="20231019 01:37:53.001"/>
</kw>
<kw name="Click Element" library="SeleniumLibrary">
<arg>${locator}</arg>
<doc>Click the element identified by ``locator``.</doc>
<msg timestamp="20231019 01:37:53.001" level="INFO">Clicking element 'css:button.close'.</msg>
<status status="PASS" starttime="20231019 01:37:53.001" endtime="20231019 01:37:53.077"/>
</kw>
<status status="PASS" starttime="20231019 01:37:52.970" endtime="20231019 01:37:53.077"/>
</kw>
<status status="PASS" starttime="20231019 01:37:52.969" endtime="20231019 01:37:53.077"/>
</kw>
<kw name="click submit an application button" library="landing_page">
<kw name="click the element" library="utility_keywords">
<arg>${lndng_pg_submit_application_btn}</arg>
<kw name="Wait Until Element Is Visible" library="SeleniumLibrary">
<arg>${locator}</arg>
<arg>timeout=60s</arg>
<doc>Waits until the element ``locator`` is visible.</doc>
<status status="PASS" starttime="20231019 01:37:53.079" endtime="20231019 01:37:53.104"/>
</kw>
<kw name="Click Element" library="SeleniumLibrary">
<arg>${locator}</arg>
<doc>Click the element identified by ``locator``.</doc>
<msg timestamp="20231019 01:37:53.105" level="INFO">Clicking element 'css:a[href='project/new/']'.</msg>
<status status="PASS" starttime="20231019 01:37:53.104" endtime="20231019 01:37:55.632"/>
</kw>
<status status="PASS" starttime="20231019 01:37:53.078" endtime="20231019 01:37:55.633"/>
</kw>
<status status="PASS" starttime="20231019 01:37:53.077" endtime="20231019 01:37:55.633"/>
</kw>
<kw name="enter email address" library="login_page">
<arg>email_address=${lgn_data_email_add}</arg>
<kw name="clean and enter text" library="utility_keywords">
<arg>${lgn_pg_email_fld}</arg>
<arg>${email_address}</arg>
<kw name="Clear Element Text" library="SeleniumLibrary">
<arg>${locator}</arg>
<doc>Clears the value of the text-input-element identified by ``locator``.</doc>
<status status="PASS" starttime="20231019 01:37:55.634" endtime="20231019 01:37:55.677"/>
</kw>
<kw name="Input Text" library="SeleniumLibrary">
<arg>${locator}</arg>
<arg>${text}</arg>
<doc>Types the given ``text`` into the text field identified by ``locator``.</doc>
<msg timestamp="20231019 01:37:55.677" level="INFO">Typing text 'optimyautomationtester@gmail.com' into text field 'css:input[id='login-email']'.</msg>
<status status="PASS" starttime="20231019 01:37:55.677" endtime="20231019 01:37:55.911"/>
</kw>
<status status="PASS" starttime="20231019 01:37:55.634" endtime="20231019 01:37:55.912"/>
</kw>
<status status="PASS" starttime="20231019 01:37:55.633" endtime="20231019 01:37:55.912"/>
</kw>
<kw name="enter password" library="login_page">
<arg>password=${lgn_data_password}</arg>
<kw name="clean and enter text" library="utility_keywords">
<arg>${lgn_pg_password_fld}</arg>
<arg>${password}</arg>
<kw name="Clear Element Text" library="SeleniumLibrary">
<arg>${locator}</arg>
<doc>Clears the value of the text-input-element identified by ``locator``.</doc>
<status status="PASS" starttime="20231019 01:37:55.913" endtime="20231019 01:37:55.944"/>
</kw>
<kw name="Input Text" library="SeleniumLibrary">
<arg>${locator}</arg>
<arg>${text}</arg>
<doc>Types the given ``text`` into the text field identified by ``locator``.</doc>
<msg timestamp="20231019 01:37:55.945" level="INFO">Typing text 'yRMhojb7' into text field 'css:input#login-password'.</msg>
<status status="PASS" starttime="20231019 01:37:55.944" endtime="20231019 01:37:56.030"/>
</kw>
<status status="PASS" starttime="20231019 01:37:55.912" endtime="20231019 01:37:56.030"/>
</kw>
<status status="PASS" starttime="20231019 01:37:55.912" endtime="20231019 01:37:56.030"/>
</kw>
<kw name="click login button" library="login_page">
<kw name="click the element" library="utility_keywords">
<arg>${lgn_pg_login_btn}</arg>
<kw name="Wait Until Element Is Visible" library="SeleniumLibrary">
<arg>${locator}</arg>
<arg>timeout=60s</arg>
<doc>Waits until the element ``locator`` is visible.</doc>
<status status="PASS" starttime="20231019 01:37:56.031" endtime="20231019 01:37:56.049"/>
</kw>
<kw name="Click Element" library="SeleniumLibrary">
<arg>${locator}</arg>
<doc>Click the element identified by ``locator``.</doc>
<msg timestamp="20231019 01:37:56.050" level="INFO">Clicking element 'css:div.position-relative&gt;button[type='Submit']'.</msg>
<status status="PASS" starttime="20231019 01:37:56.049" endtime="20231019 01:37:59.543"/>
</kw>
<status status="PASS" starttime="20231019 01:37:56.030" endtime="20231019 01:37:59.543"/>
</kw>
<status status="PASS" starttime="20231019 01:37:56.030" endtime="20231019 01:37:59.544"/>
</kw>
<status status="PASS" starttime="20231019 01:37:52.969" endtime="20231019 01:37:59.544"/>
</kw>
<kw name="click submit a new application link" library="home_page">
<kw name="scroll and click using javascript" library="utility_keywords">
<arg>${hm_pg_submit_an_application_btn}</arg>
<kw name="Remove String" library="String">
<var>${final_selector}</var>
<arg>${selector}</arg>
<arg>css:</arg>
<doc>Removes all ``removables`` from the given ``string``.</doc>
<msg timestamp="20231019 01:37:59.546" level="INFO">${final_selector} = a.btn.btn-outline-primary</msg>
<status status="PASS" starttime="20231019 01:37:59.545" endtime="20231019 01:37:59.546"/>
</kw>
<kw name="Execute Javascript" library="SeleniumLibrary">
<arg>document.querySelector("${final_selector}").scrollIntoView(true)</arg>
<doc>Executes the given JavaScript code with possible arguments.</doc>
<msg timestamp="20231019 01:37:59.547" level="INFO">Executing JavaScript:
document.querySelector("a.btn.btn-outline-primary").scrollIntoView(true)
Without any arguments.</msg>
<status status="PASS" starttime="20231019 01:37:59.546" endtime="20231019 01:37:59.556"/>
</kw>
<kw name="Execute Javascript" library="SeleniumLibrary">
<arg>document.querySelector("${final_selector}").click()</arg>
<doc>Executes the given JavaScript code with possible arguments.</doc>
<msg timestamp="20231019 01:37:59.557" level="INFO">Executing JavaScript:
document.querySelector("a.btn.btn-outline-primary").click()
Without any arguments.</msg>
<status status="PASS" starttime="20231019 01:37:59.556" endtime="20231019 01:38:04.620"/>
</kw>
<status status="PASS" starttime="20231019 01:37:59.545" endtime="20231019 01:38:04.620"/>
</kw>
<status status="PASS" starttime="20231019 01:37:59.544" endtime="20231019 01:38:04.620"/>
</kw>
<status status="PASS" starttime="20231019 01:37:52.968" endtime="20231019 01:38:04.620"/>
</kw>
<kw name="When user fills out the form with valid values" library="submit_application_steps">
<kw name="enter first name" library="application_form_page">
<arg>first_name=${app_form_data_first_name}</arg>
<kw name="clean and enter text" library="utility_keywords">
<arg>${applctn_frm_pg_first_name_fld}</arg>
<arg>${first_name}</arg>
<kw name="Clear Element Text" library="SeleniumLibrary">
<arg>${locator}</arg>
<doc>Clears the value of the text-input-element identified by ``locator``.</doc>
<status status="PASS" starttime="20231019 01:38:04.622" endtime="20231019 01:38:04.670"/>
</kw>
<kw name="Input Text" library="SeleniumLibrary">
<arg>${locator}</arg>
<arg>${text}</arg>
<doc>Types the given ``text`` into the text field identified by ``locator``.</doc>
<msg timestamp="20231019 01:38:04.671" level="INFO">Typing text 'John' into text field 'css:input[id='629d7b5a-f6a1-5a14-ac1d-21b2fafdbdef']'.</msg>
<status status="PASS" starttime="20231019 01:38:04.670" endtime="20231019 01:38:04.776"/>
</kw>
<status status="PASS" starttime="20231019 01:38:04.621" endtime="20231019 01:38:04.777"/>
</kw>
<status status="PASS" starttime="20231019 01:38:04.621" endtime="20231019 01:38:04.777"/>
</kw>
<kw name="enter last name" library="application_form_page">
<arg>last_name=${app_form_data_last_name}</arg>
<kw name="clean and enter text" library="utility_keywords">
<arg>${applctn_frm_pg_last_name_fld}</arg>
<arg>${last_name}</arg>
<kw name="Clear Element Text" library="SeleniumLibrary">
<arg>${locator}</arg>
<doc>Clears the value of the text-input-element identified by ``locator``.</doc>
<status status="PASS" starttime="20231019 01:38:04.779" endtime="20231019 01:38:04.821"/>
</kw>
<kw name="Input Text" library="SeleniumLibrary">
<arg>${locator}</arg>
<arg>${text}</arg>
<doc>Types the given ``text`` into the text field identified by ``locator``.</doc>
<msg timestamp="20231019 01:38:04.821" level="INFO">Typing text 'Baptist' into text field 'css:input[id='23e5e47e-bab1-5a1e-9929-f180182bda43']'.</msg>
<status status="PASS" starttime="20231019 01:38:04.821" endtime="20231019 01:38:04.942"/>
</kw>
<status status="PASS" starttime="20231019 01:38:04.778" endtime="20231019 01:38:04.942"/>
</kw>
<status status="PASS" starttime="20231019 01:38:04.777" endtime="20231019 01:38:04.942"/>
</kw>
<kw name="enter extension" library="application_form_page">
<arg>extension=${app_form_data_extension}</arg>
<kw name="clean and enter text" library="utility_keywords">
<arg>${applctn_frm_pg_extension_fld}</arg>
<arg>${extension}</arg>
<kw name="Clear Element Text" library="SeleniumLibrary">
<arg>${locator}</arg>
<doc>Clears the value of the text-input-element identified by ``locator``.</doc>
<status status="PASS" starttime="20231019 01:38:04.943" endtime="20231019 01:38:04.983"/>
</kw>
<kw name="Input Text" library="SeleniumLibrary">
<arg>${locator}</arg>
<arg>${text}</arg>
<doc>Types the given ``text`` into the text field identified by ``locator``.</doc>
<msg timestamp="20231019 01:38:04.984" level="INFO">Typing text 'Jr.' into text field 'css:input[id='65b3b6bd-3654-5a86-b86e-481f2bbfb391']'.</msg>
<status status="PASS" starttime="20231019 01:38:04.984" endtime="20231019 01:38:05.092"/>
</kw>
<status status="PASS" starttime="20231019 01:38:04.943" endtime="20231019 01:38:05.092"/>
</kw>
<status status="PASS" starttime="20231019 01:38:04.942" endtime="20231019 01:38:05.093"/>
</kw>
<kw name="enter address" library="application_form_page">
<arg>address=${app_form_data_address}</arg>
<kw name="clean and enter text" library="utility_keywords">
<arg>${applctn_frm_pg_address_fld}</arg>
<arg>${address}</arg>
<kw name="Clear Element Text" library="SeleniumLibrary">
<arg>${locator}</arg>
<doc>Clears the value of the text-input-element identified by ``locator``.</doc>
<status status="PASS" starttime="20231019 01:38:05.094" endtime="20231019 01:38:05.138"/>
</kw>
<kw name="Input Text" library="SeleniumLibrary">
<arg>${locator}</arg>
<arg>${text}</arg>
<doc>Types the given ``text`` into the text field identified by ``locator``.</doc>
<msg timestamp="20231019 01:38:05.139" level="INFO">Typing text 'B20 L2 Moringa St. Brgy. Quezon City' into text field 'css:textarea[id='7172c3f2-f508-5f9c-82a1-11ce9d0f3edc::c3f44a2e-72e9-587b-b88c-b5c9fbeed2db']'.</msg>
<status status="PASS" starttime="20231019 01:38:05.139" endtime="20231019 01:38:05.320"/>
</kw>
<status status="PASS" starttime="20231019 01:38:05.094" endtime="20231019 01:38:05.321"/>
</kw>
<status status="PASS" starttime="20231019 01:38:05.093" endtime="20231019 01:38:05.321"/>
</kw>
<kw name="enter and select postal code" library="application_form_page">
<arg>postal_code=${app_form_data_postal_code}</arg>
<kw name="clean and enter text" library="utility_keywords">
<arg>${applctn_frm_pg_postal_code_fld}</arg>
<arg>${postal_code}</arg>
<kw name="Clear Element Text" library="SeleniumLibrary">
<arg>${locator}</arg>
<doc>Clears the value of the text-input-element identified by ``locator``.</doc>
<status status="PASS" starttime="20231019 01:38:05.323" endtime="20231019 01:38:05.380"/>
</kw>
<kw name="Input Text" library="SeleniumLibrary">
<arg>${locator}</arg>
<arg>${text}</arg>
<doc>Types the given ``text`` into the text field identified by ``locator``.</doc>
<msg timestamp="20231019 01:38:05.380" level="INFO">Typing text '1000' into text field 'css:input[name='131e1102-02ae-5770-b1a5-df15fcdd4733::e57df0b5-c2ad-514a-967f-ee8b962f5ed4']'.</msg>
<status status="PASS" starttime="20231019 01:38:05.380" endtime="20231019 01:38:05.497"/>
</kw>
<status status="PASS" starttime="20231019 01:38:05.322" endtime="20231019 01:38:05.498"/>
</kw>
<kw name="click the element" library="utility_keywords">
<arg>${applctn_frm_pg_postal_code_first_value}</arg>
<kw name="Wait Until Element Is Visible" library="SeleniumLibrary">
<arg>${locator}</arg>
<arg>timeout=60s</arg>
<doc>Waits until the element ``locator`` is visible.</doc>
<status status="PASS" starttime="20231019 01:38:05.499" endtime="20231019 01:38:06.137"/>
</kw>
<kw name="Click Element" library="SeleniumLibrary">
<arg>${locator}</arg>
<doc>Click the element identified by ``locator``.</doc>
<msg timestamp="20231019 01:38:06.138" level="INFO">Clicking element 'css:ul#ui-id-1&gt;li:first-child&gt;a'.</msg>
<status status="PASS" starttime="20231019 01:38:06.137" endtime="20231019 01:38:06.193"/>
</kw>
<status status="PASS" starttime="20231019 01:38:05.498" endtime="20231019 01:38:06.194"/>
</kw>
<status status="PASS" starttime="20231019 01:38:05.321" endtime="20231019 01:38:06.194"/>
</kw>
<kw name="select country" library="application_form_page">
<arg>country_text=${app_form_data_country}</arg>
<kw name="scroll and click using javascript" library="utility_keywords">
<arg>${applctn_frm_pg_country_drp_down}</arg>
<kw name="Remove String" library="String">
<var>${final_selector}</var>
<arg>${selector}</arg>
<arg>css:</arg>
<doc>Removes all ``removables`` from the given ``string``.</doc>
<msg timestamp="20231019 01:38:06.196" level="INFO">${final_selector} = select[aria-label='Country']</msg>
<status status="PASS" starttime="20231019 01:38:06.196" endtime="20231019 01:38:06.196"/>
</kw>
<kw name="Execute Javascript" library="SeleniumLibrary">
<arg>document.querySelector("${final_selector}").scrollIntoView(true)</arg>
<doc>Executes the given JavaScript code with possible arguments.</doc>
<msg timestamp="20231019 01:38:06.197" level="INFO">Executing JavaScript:
document.querySelector("select[aria-label='Country']").scrollIntoView(true)
Without any arguments.</msg>
<status status="PASS" starttime="20231019 01:38:06.196" endtime="20231019 01:38:06.205"/>
</kw>
<kw name="Execute Javascript" library="SeleniumLibrary">
<arg>document.querySelector("${final_selector}").click()</arg>
<doc>Executes the given JavaScript code with possible arguments.</doc>
<msg timestamp="20231019 01:38:06.206" level="INFO">Executing JavaScript:
document.querySelector("select[aria-label='Country']").click()
Without any arguments.</msg>
<status status="PASS" starttime="20231019 01:38:06.206" endtime="20231019 01:38:06.220"/>
</kw>
<status status="PASS" starttime="20231019 01:38:06.195" endtime="20231019 01:38:06.220"/>
</kw>
<kw name="Select From List By Label" library="SeleniumLibrary">
<arg>${applctn_frm_pg_country_drp_down}</arg>
<arg>${country_text}</arg>
<doc>Selects options from selection list ``locator`` by ``labels``.</doc>
<msg timestamp="20231019 01:38:06.220" level="INFO">Selecting options from selection list 'css:select[aria-label='Country']' by label Alaska.</msg>
<status status="PASS" starttime="20231019 01:38:06.220" endtime="20231019 01:38:06.357"/>
</kw>
<status status="PASS" starttime="20231019 01:38:06.194" endtime="20231019 01:38:06.358"/>
</kw>
<kw name="upload file" library="application_form_page">
<arg>file_name=${app_form_data_file_name}</arg>
<kw name="Choose File" library="SeleniumLibrary">
<arg>${applctn_frm_pg_upload_btn}</arg>
<arg>${EXECDIR}/resources/test_data/${file_name}</arg>
<doc>Inputs the ``file_path`` into the file input field ``locator``.</doc>
<msg timestamp="20231019 01:38:06.359" level="INFO">Sending /Users/laptopname/PycharmProjects/optimy-automation/resources/test_data/app-form-photo.png to browser.</msg>
<status status="PASS" starttime="20231019 01:38:06.358" endtime="20231019 01:38:06.432"/>
</kw>
<kw name="Wait Until Element Is Visible" library="SeleniumLibrary">
<arg>${applctn_frm_pg_success_loc}</arg>
<doc>Waits until the element ``locator`` is visible.</doc>
<status status="PASS" starttime="20231019 01:38:06.433" endtime="20231019 01:38:08.439"/>
</kw>
<status status="PASS" starttime="20231019 01:38:06.358" endtime="20231019 01:38:08.439"/>
</kw>
<kw name="select gender using display text" library="application_form_page">
<arg>gender=${app_form_data_gender}</arg>
<kw name="click the element when expected text is present in the elements" library="utility_keywords">
<arg>${applctn_frm_pg_gender_choices_radio_btns}</arg>
<arg>${gender}</arg>
<kw name="Get WebElements" library="SeleniumLibrary">
<var>@{elements}</var>
<arg>${element_list}</arg>
<doc>Returns a list of WebElement objects matching the ``locator``.</doc>
<msg timestamp="20231019 01:38:08.452" level="INFO">@{elements} = [ &lt;selenium.webdriver.remote.webelement.WebElement (session="591e2807a6efbf0648d0629ef6ccfadc", element="F5B80195D63C700EF9E3654FB2C5C5CC_element_111")&gt; | &lt;selenium.webdriver.remote.webelement.WebElem...</msg>
<status status="PASS" starttime="20231019 01:38:08.440" endtime="20231019 01:38:08.452"/>
</kw>
<for flavor="IN">
<var>${element}</var>
<value>@{elements}</value>
<iter>
<var name="${element}">&lt;selenium.webdriver.remote.webelement.WebElement (session="591e2807a6efbf0648d0629ef6ccfadc", element="F5B80195D63C700EF9E3654FB2C5C5CC_element_111")&gt;</var>
<kw name="Run Keyword If" library="BuiltIn">
<arg>'${element.text}' == '${text}'</arg>
<arg>click the element</arg>
<arg>${element}</arg>
<doc>Runs the given keyword with the given arguments, if ``condition`` is true.</doc>
<kw name="click the element" library="utility_keywords">
<arg>${element}</arg>
<kw name="Wait Until Element Is Visible" library="SeleniumLibrary">
<arg>${locator}</arg>
<arg>timeout=60s</arg>
<doc>Waits until the element ``locator`` is visible.</doc>
<status status="PASS" starttime="20231019 01:38:08.468" endtime="20231019 01:38:08.479"/>
</kw>
<kw name="Click Element" library="SeleniumLibrary">
<arg>${locator}</arg>
<doc>Click the element identified by ``locator``.</doc>
<msg timestamp="20231019 01:38:08.479" level="INFO">Clicking element '&lt;selenium.webdriver.remote.webelement.WebElement (session="591e2807a6efbf0648d0629ef6ccfadc", element="F5B80195D63C700EF9E3654FB2C5C5CC_element_111")&gt;'.</msg>
<status status="PASS" starttime="20231019 01:38:08.479" endtime="20231019 01:38:08.532"/>
</kw>
<status status="PASS" starttime="20231019 01:38:08.468" endtime="20231019 01:38:08.533"/>
</kw>
<status status="PASS" starttime="20231019 01:38:08.452" endtime="20231019 01:38:08.533"/>
</kw>
<kw name="Run Keyword If" library="BuiltIn">
<arg>'${element.text}' == '${text}'</arg>
<arg>exit for loop</arg>
<doc>Runs the given keyword with the given arguments, if ``condition`` is true.</doc>
<kw name="Exit For Loop" library="BuiltIn">
<doc>Stops executing the enclosing FOR loop.</doc>
<msg timestamp="20231019 01:38:08.542" level="INFO">Exiting for loop altogether.</msg>
<status status="PASS" starttime="20231019 01:38:08.542" endtime="20231019 01:38:08.543"/>
</kw>
<status status="PASS" starttime="20231019 01:38:08.533" endtime="20231019 01:38:08.543"/>
</kw>
<status status="PASS" starttime="20231019 01:38:08.452" endtime="20231019 01:38:08.544"/>
</iter>
<status status="PASS" starttime="20231019 01:38:08.452" endtime="20231019 01:38:08.544"/>
</for>
<status status="PASS" starttime="20231019 01:38:08.440" endtime="20231019 01:38:08.544"/>
</kw>
<status status="PASS" starttime="20231019 01:38:08.439" endtime="20231019 01:38:08.544"/>
</kw>
<kw name="select role applying for" library="application_form_page">
<arg>role_text=${app_form_data_role}</arg>
<kw name="Select From List By Label" library="SeleniumLibrary">
<arg>${applctn_frm_pg_role_app_for_drp_down}</arg>
<arg>${role_text}</arg>
<doc>Selects options from selection list ``locator`` by ``labels``.</doc>
<msg timestamp="20231019 01:38:08.545" level="INFO">Selecting options from selection list 'css:select[id='field_f801d7d8-0762-5407-95f9-b8c3a793157c']' by label Automation tester.</msg>
<status status="PASS" starttime="20231019 01:38:08.545" endtime="20231019 01:38:08.624"/>
</kw>
<status status="PASS" starttime="20231019 01:38:08.544" endtime="20231019 01:38:08.624"/>
</kw>
<kw name="select tool using text" library="application_form_page">
<arg>tool=${app_form_data_tools1}</arg>
<kw name="click the element when expected text is present in the elements" library="utility_keywords">
<arg>${applctn_frm_pg_tools_radio_btns}</arg>
<arg>${tool}</arg>
<kw name="Get WebElements" library="SeleniumLibrary">
<var>@{elements}</var>
<arg>${element_list}</arg>
<doc>Returns a list of WebElement objects matching the ``locator``.</doc>
<msg timestamp="20231019 01:38:08.639" level="INFO">@{elements} = [ &lt;selenium.webdriver.remote.webelement.WebElement (session="591e2807a6efbf0648d0629ef6ccfadc", element="F5B80195D63C700EF9E3654FB2C5C5CC_element_119")&gt; | &lt;selenium.webdriver.remote.webelement.WebElem...</msg>
<status status="PASS" starttime="20231019 01:38:08.625" endtime="20231019 01:38:08.639"/>
</kw>
<for flavor="IN">
<var>${element}</var>
<value>@{elements}</value>
<iter>
<var name="${element}">&lt;selenium.webdriver.remote.webelement.WebElement (session="591e2807a6efbf0648d0629ef6ccfadc", element="F5B80195D63C700EF9E3654FB2C5C5CC_element_119")&gt;</var>
<kw name="Run Keyword If" library="BuiltIn">
<arg>'${element.text}' == '${text}'</arg>
<arg>click the element</arg>
<arg>${element}</arg>
<doc>Runs the given keyword with the given arguments, if ``condition`` is true.</doc>
<status status="PASS" starttime="20231019 01:38:08.639" endtime="20231019 01:38:08.655"/>
</kw>
<kw name="Run Keyword If" library="BuiltIn">
<arg>'${element.text}' == '${text}'</arg>
<arg>exit for loop</arg>
<doc>Runs the given keyword with the given arguments, if ``condition`` is true.</doc>
<status status="PASS" starttime="20231019 01:38:08.655" endtime="20231019 01:38:08.669"/>
</kw>
<status status="PASS" starttime="20231019 01:38:08.639" endtime="20231019 01:38:08.669"/>
</iter>
<iter>
<var name="${element}">&lt;selenium.webdriver.remote.webelement.WebElement (session="591e2807a6efbf0648d0629ef6ccfadc", element="F5B80195D63C700EF9E3654FB2C5C5CC_element_120")&gt;</var>
<kw name="Run Keyword If" library="BuiltIn">
<arg>'${element.text}' == '${text}'</arg>
<arg>click the element</arg>
<arg>${element}</arg>
<doc>Runs the given keyword with the given arguments, if ``condition`` is true.</doc>
<kw name="click the element" library="utility_keywords">
<arg>${element}</arg>
<kw name="Wait Until Element Is Visible" library="SeleniumLibrary">
<arg>${locator}</arg>
<arg>timeout=60s</arg>
<doc>Waits until the element ``locator`` is visible.</doc>
<status status="PASS" starttime="20231019 01:38:08.683" endtime="20231019 01:38:08.693"/>
</kw>
<kw name="Click Element" library="SeleniumLibrary">
<arg>${locator}</arg>
<doc>Click the element identified by ``locator``.</doc>
<msg timestamp="20231019 01:38:08.694" level="INFO">Clicking element '&lt;selenium.webdriver.remote.webelement.WebElement (session="591e2807a6efbf0648d0629ef6ccfadc", element="F5B80195D63C700EF9E3654FB2C5C5CC_element_120")&gt;'.</msg>
<status status="PASS" starttime="20231019 01:38:08.693" endtime="20231019 01:38:08.744"/>
</kw>
<status status="PASS" starttime="20231019 01:38:08.682" endtime="20231019 01:38:08.744"/>
</kw>
<status status="PASS" starttime="20231019 01:38:08.669" endtime="20231019 01:38:08.744"/>
</kw>
<kw name="Run Keyword If" library="BuiltIn">
<arg>'${element.text}' == '${text}'</arg>
<arg>exit for loop</arg>
<doc>Runs the given keyword with the given arguments, if ``condition`` is true.</doc>
<kw name="Exit For Loop" library="BuiltIn">
<doc>Stops executing the enclosing FOR loop.</doc>
<msg timestamp="20231019 01:38:08.756" level="INFO">Exiting for loop altogether.</msg>
<status status="PASS" starttime="20231019 01:38:08.755" endtime="20231019 01:38:08.756"/>
</kw>
<status status="PASS" starttime="20231019 01:38:08.744" endtime="20231019 01:38:08.756"/>
</kw>
<status status="PASS" starttime="20231019 01:38:08.669" endtime="20231019 01:38:08.756"/>
</iter>
<status status="PASS" starttime="20231019 01:38:08.639" endtime="20231019 01:38:08.757"/>
</for>
<status status="PASS" starttime="20231019 01:38:08.625" endtime="20231019 01:38:08.757"/>
</kw>
<status status="PASS" starttime="20231019 01:38:08.624" endtime="20231019 01:38:08.757"/>
</kw>
<kw name="select tool using text" library="application_form_page">
<arg>tool=${app_form_data_tools2}</arg>
<kw name="click the element when expected text is present in the elements" library="utility_keywords">
<arg>${applctn_frm_pg_tools_radio_btns}</arg>
<arg>${tool}</arg>
<kw name="Get WebElements" library="SeleniumLibrary">
<var>@{elements}</var>
<arg>${element_list}</arg>
<doc>Returns a list of WebElement objects matching the ``locator``.</doc>
<msg timestamp="20231019 01:38:08.769" level="INFO">@{elements} = [ &lt;selenium.webdriver.remote.webelement.WebElement (session="591e2807a6efbf0648d0629ef6ccfadc", element="F5B80195D63C700EF9E3654FB2C5C5CC_element_119")&gt; | &lt;selenium.webdriver.remote.webelement.WebElem...</msg>
<status status="PASS" starttime="20231019 01:38:08.758" endtime="20231019 01:38:08.769"/>
</kw>
<for flavor="IN">
<var>${element}</var>
<value>@{elements}</value>
<iter>
<var name="${element}">&lt;selenium.webdriver.remote.webelement.WebElement (session="591e2807a6efbf0648d0629ef6ccfadc", element="F5B80195D63C700EF9E3654FB2C5C5CC_element_119")&gt;</var>
<kw name="Run Keyword If" library="BuiltIn">
<arg>'${element.text}' == '${text}'</arg>
<arg>click the element</arg>
<arg>${element}</arg>
<doc>Runs the given keyword with the given arguments, if ``condition`` is true.</doc>
<status status="PASS" starttime="20231019 01:38:08.769" endtime="20231019 01:38:08.784"/>
</kw>
<kw name="Run Keyword If" library="BuiltIn">
<arg>'${element.text}' == '${text}'</arg>
<arg>exit for loop</arg>
<doc>Runs the given keyword with the given arguments, if ``condition`` is true.</doc>
<status status="PASS" starttime="20231019 01:38:08.784" endtime="20231019 01:38:08.798"/>
</kw>
<status status="PASS" starttime="20231019 01:38:08.769" endtime="20231019 01:38:08.798"/>
</iter>
<iter>
<var name="${element}">&lt;selenium.webdriver.remote.webelement.WebElement (session="591e2807a6efbf0648d0629ef6ccfadc", element="F5B80195D63C700EF9E3654FB2C5C5CC_element_120")&gt;</var>
<kw name="Run Keyword If" library="BuiltIn">
<arg>'${element.text}' == '${text}'</arg>
<arg>click the element</arg>
<arg>${element}</arg>
<doc>Runs the given keyword with the given arguments, if ``condition`` is true.</doc>
<status status="PASS" starttime="20231019 01:38:08.798" endtime="20231019 01:38:08.809"/>
</kw>
<kw name="Run Keyword If" library="BuiltIn">
<arg>'${element.text}' == '${text}'</arg>
<arg>exit for loop</arg>
<doc>Runs the given keyword with the given arguments, if ``condition`` is true.</doc>
<status status="PASS" starttime="20231019 01:38:08.810" endtime="20231019 01:38:08.820"/>
</kw>
<status status="PASS" starttime="20231019 01:38:08.798" endtime="20231019 01:38:08.820"/>
</iter>
<iter>
<var name="${element}">&lt;selenium.webdriver.remote.webelement.WebElement (session="591e2807a6efbf0648d0629ef6ccfadc", element="F5B80195D63C700EF9E3654FB2C5C5CC_element_121")&gt;</var>
<kw name="Run Keyword If" library="BuiltIn">
<arg>'${element.text}' == '${text}'</arg>
<arg>click the element</arg>
<arg>${element}</arg>
<doc>Runs the given keyword with the given arguments, if ``condition`` is true.</doc>
<status status="PASS" starttime="20231019 01:38:08.821" endtime="20231019 01:38:08.832"/>
</kw>
<kw name="Run Keyword If" library="BuiltIn">
<arg>'${element.text}' == '${text}'</arg>
<arg>exit for loop</arg>
<doc>Runs the given keyword with the given arguments, if ``condition`` is true.</doc>
<status status="PASS" starttime="20231019 01:38:08.832" endtime="20231019 01:38:08.841"/>
</kw>
<status status="PASS" starttime="20231019 01:38:08.820" endtime="20231019 01:38:08.841"/>
</iter>
<iter>
<var name="${element}">&lt;selenium.webdriver.remote.webelement.WebElement (session="591e2807a6efbf0648d0629ef6ccfadc", element="F5B80195D63C700EF9E3654FB2C5C5CC_element_122")&gt;</var>
<kw name="Run Keyword If" library="BuiltIn">
<arg>'${element.text}' == '${text}'</arg>
<arg>click the element</arg>
<arg>${element}</arg>
<doc>Runs the given keyword with the given arguments, if ``condition`` is true.</doc>
<status status="PASS" starttime="20231019 01:38:08.841" endtime="20231019 01:38:08.850"/>
</kw>
<kw name="Run Keyword If" library="BuiltIn">
<arg>'${element.text}' == '${text}'</arg>
<arg>exit for loop</arg>
<doc>Runs the given keyword with the given arguments, if ``condition`` is true.</doc>
<status status="PASS" starttime="20231019 01:38:08.850" endtime="20231019 01:38:08.858"/>
</kw>
<status status="PASS" starttime="20231019 01:38:08.841" endtime="20231019 01:38:08.858"/>
</iter>
<iter>
<var name="${element}">&lt;selenium.webdriver.remote.webelement.WebElement (session="591e2807a6efbf0648d0629ef6ccfadc", element="F5B80195D63C700EF9E3654FB2C5C5CC_element_123")&gt;</var>
<kw name="Run Keyword If" library="BuiltIn">
<arg>'${element.text}' == '${text}'</arg>
<arg>click the element</arg>
<arg>${element}</arg>
<doc>Runs the given keyword with the given arguments, if ``condition`` is true.</doc>
<kw name="click the element" library="utility_keywords">
<arg>${element}</arg>
<kw name="Wait Until Element Is Visible" library="SeleniumLibrary">
<arg>${locator}</arg>
<arg>timeout=60s</arg>
<doc>Waits until the element ``locator`` is visible.</doc>
<status status="PASS" starttime="20231019 01:38:08.869" endtime="20231019 01:38:08.879"/>
</kw>
<kw name="Click Element" library="SeleniumLibrary">
<arg>${locator}</arg>
<doc>Click the element identified by ``locator``.</doc>
<msg timestamp="20231019 01:38:08.880" level="INFO">Clicking element '&lt;selenium.webdriver.remote.webelement.WebElement (session="591e2807a6efbf0648d0629ef6ccfadc", element="F5B80195D63C700EF9E3654FB2C5C5CC_element_123")&gt;'.</msg>
<status status="PASS" starttime="20231019 01:38:08.880" endtime="20231019 01:38:08.929"/>
</kw>
<status status="PASS" starttime="20231019 01:38:08.869" endtime="20231019 01:38:08.929"/>
</kw>
<status status="PASS" starttime="20231019 01:38:08.859" endtime="20231019 01:38:08.929"/>
</kw>
<kw name="Run Keyword If" library="BuiltIn">
<arg>'${element.text}' == '${text}'</arg>
<arg>exit for loop</arg>
<doc>Runs the given keyword with the given arguments, if ``condition`` is true.</doc>
<kw name="Exit For Loop" library="BuiltIn">
<doc>Stops executing the enclosing FOR loop.</doc>
<msg timestamp="20231019 01:38:08.940" level="INFO">Exiting for loop altogether.</msg>
<status status="PASS" starttime="20231019 01:38:08.939" endtime="20231019 01:38:08.940"/>
</kw>
<status status="PASS" starttime="20231019 01:38:08.929" endtime="20231019 01:38:08.940"/>
</kw>
<status status="PASS" starttime="20231019 01:38:08.859" endtime="20231019 01:38:08.940"/>
</iter>
<status status="PASS" starttime="20231019 01:38:08.769" endtime="20231019 01:38:08.940"/>
</for>
<status status="PASS" starttime="20231019 01:38:08.757" endtime="20231019 01:38:08.940"/>
</kw>
<status status="PASS" starttime="20231019 01:38:08.757" endtime="20231019 01:38:08.941"/>
</kw>
<kw name="enter career objectives" library="application_form_page">
<arg>carrer_obj=${app_form_data_career_obj}</arg>
<kw name="scroll and click using javascript" library="utility_keywords">
<arg>${applctn_frm_pg_career_obj_template}</arg>
<kw name="Remove String" library="String">
<var>${final_selector}</var>
<arg>${selector}</arg>
<arg>css:</arg>
<doc>Removes all ``removables`` from the given ``string``.</doc>
<msg timestamp="20231019 01:38:08.942" level="INFO">${final_selector} = div.form-group.answer</msg>
<status status="PASS" starttime="20231019 01:38:08.941" endtime="20231019 01:38:08.942"/>
</kw>
<kw name="Execute Javascript" library="SeleniumLibrary">
<arg>document.querySelector("${final_selector}").scrollIntoView(true)</arg>
<doc>Executes the given JavaScript code with possible arguments.</doc>
<msg timestamp="20231019 01:38:08.942" level="INFO">Executing JavaScript:
document.querySelector("div.form-group.answer").scrollIntoView(true)
Without any arguments.</msg>
<status status="PASS" starttime="20231019 01:38:08.942" endtime="20231019 01:38:08.948"/>
</kw>
<kw name="Execute Javascript" library="SeleniumLibrary">
<arg>document.querySelector("${final_selector}").click()</arg>
<doc>Executes the given JavaScript code with possible arguments.</doc>
<msg timestamp="20231019 01:38:08.948" level="INFO">Executing JavaScript:
document.querySelector("div.form-group.answer").click()
Without any arguments.</msg>
<status status="PASS" starttime="20231019 01:38:08.948" endtime="20231019 01:38:08.953"/>
</kw>
<status status="PASS" starttime="20231019 01:38:08.941" endtime="20231019 01:38:08.953"/>
</kw>
<kw name="Select Frame" library="SeleniumLibrary">
<arg>${applctn_frm_pg_career_obj_iframe}</arg>
<doc>Sets frame identified by ``locator`` as the current frame.</doc>
<msg timestamp="20231019 01:38:08.954" level="INFO">Selecting frame 'css:iframe.cke_wysiwyg_frame.cke_reset'.</msg>
<status status="PASS" starttime="20231019 01:38:08.953" endtime="20231019 01:38:08.984"/>
</kw>
<kw name="clean and enter text" library="utility_keywords">
<arg>${applctn_frm_pg_career_obj_txt_box}</arg>
<arg>${carrer_obj}</arg>
<kw name="Clear Element Text" library="SeleniumLibrary">
<arg>${locator}</arg>
<doc>Clears the value of the text-input-element identified by ``locator``.</doc>
<status status="PASS" starttime="20231019 01:38:08.985" endtime="20231019 01:38:09.008"/>
</kw>
<kw name="Input Text" library="SeleniumLibrary">
<arg>${locator}</arg>
<arg>${text}</arg>
<doc>Types the given ``text`` into the text field identified by ``locator``.</doc>
<msg timestamp="20231019 01:38:09.008" level="INFO">Typing text 'I want to be a SME for Automation testing.
I want to be you.
Lastly, be the best QA in the world!' into text field 'css:body[role='textbox']'.</msg>
<status status="PASS" starttime="20231019 01:38:09.008" endtime="20231019 01:38:09.461"/>
</kw>
<status status="PASS" starttime="20231019 01:38:08.984" endtime="20231019 01:38:09.461"/>
</kw>
<kw name="Unselect Frame" library="SeleniumLibrary">
<doc>Sets the main frame as the current frame.</doc>
<status status="PASS" starttime="20231019 01:38:09.461" endtime="20231019 01:38:09.469"/>
</kw>
<status status="PASS" starttime="20231019 01:38:08.941" endtime="20231019 01:38:09.469"/>
</kw>
<kw name="click next screen button" library="application_form_page">
<kw name="scroll and click using javascript" library="utility_keywords">
<arg>${applctn_frm_pg_next_screen_btn}</arg>
<kw name="Remove String" library="String">
<var>${final_selector}</var>
<arg>${selector}</arg>
<arg>css:</arg>
<doc>Removes all ``removables`` from the given ``string``.</doc>
<msg timestamp="20231019 01:38:09.470" level="INFO">${final_selector} = button#navButtonNext</msg>
<status status="PASS" starttime="20231019 01:38:09.470" endtime="20231019 01:38:09.470"/>
</kw>
<kw name="Execute Javascript" library="SeleniumLibrary">
<arg>document.querySelector("${final_selector}").scrollIntoView(true)</arg>
<doc>Executes the given JavaScript code with possible arguments.</doc>
<msg timestamp="20231019 01:38:09.470" level="INFO">Executing JavaScript:
document.querySelector("button#navButtonNext").scrollIntoView(true)
Without any arguments.</msg>
<status status="PASS" starttime="20231019 01:38:09.470" endtime="20231019 01:38:09.477"/>
</kw>
<kw name="Execute Javascript" library="SeleniumLibrary">
<arg>document.querySelector("${final_selector}").click()</arg>
<doc>Executes the given JavaScript code with possible arguments.</doc>
<msg timestamp="20231019 01:38:09.478" level="INFO">Executing JavaScript:
document.querySelector("button#navButtonNext").click()
Without any arguments.</msg>
<status status="PASS" starttime="20231019 01:38:09.478" endtime="20231019 01:38:09.488"/>
</kw>
<status status="PASS" starttime="20231019 01:38:09.469" endtime="20231019 01:38:09.488"/>
</kw>
<status status="PASS" starttime="20231019 01:38:09.469" endtime="20231019 01:38:09.488"/>
</kw>
<status status="PASS" starttime="20231019 01:38:04.621" endtime="20231019 01:38:09.489"/>
</kw>
<kw name="And user validates the values in summary are all correct and submits the form" library="submit_application_steps">
<kw name="get the list of text of the elements" library="utility_keywords">
<var>${actual_values_list}</var>
<arg>${smmry_pg_label_and_ans}</arg>
<kw name="Get WebElements" library="SeleniumLibrary">
<var>@{elements}</var>
<arg>${element_list}</arg>
<doc>Returns a list of WebElement objects matching the ``locator``.</doc>
<msg timestamp="20231019 01:38:13.043" level="INFO">@{elements} = [ &lt;selenium.webdriver.remote.webelement.WebElement (session="591e2807a6efbf0648d0629ef6ccfadc", element="107D274F59002A19D8BD8A6062C95461_element_159")&gt; | &lt;selenium.webdriver.remote.webelement.WebElem...</msg>
<status status="PASS" starttime="20231019 01:38:09.491" endtime="20231019 01:38:13.044"/>
</kw>
<kw name="Create List" library="BuiltIn">
<var>${elem_txt_list}</var>
<doc>Returns a list containing given items.</doc>
<msg timestamp="20231019 01:38:13.044" level="INFO">${elem_txt_list} = []</msg>
<status status="PASS" starttime="20231019 01:38:13.044" endtime="20231019 01:38:13.044"/>
</kw>
<for flavor="IN">
<var>${element}</var>
<value>@{elements}</value>
<iter>
<var name="${element}">&lt;selenium.webdriver.remote.webelement.WebElement (session="591e2807a6efbf0648d0629ef6ccfadc", element="107D274F59002A19D8BD8A6062C95461_element_159")&gt;</var>
<kw name="Append To List" library="Collections">
<arg>${elem_txt_list}</arg>
<arg>${element.text}</arg>
<doc>Adds ``values`` to the end of ``list``.</doc>
<status status="PASS" starttime="20231019 01:38:13.045" endtime="20231019 01:38:13.060"/>
</kw>
<status status="PASS" starttime="20231019 01:38:13.045" endtime="20231019 01:38:13.060"/>
</iter>
<iter>
<var name="${element}">&lt;selenium.webdriver.remote.webelement.WebElement (session="591e2807a6efbf0648d0629ef6ccfadc", element="107D274F59002A19D8BD8A6062C95461_element_160")&gt;</var>
<kw name="Append To List" library="Collections">
<arg>${elem_txt_list}</arg>
<arg>${element.text}</arg>
<doc>Adds ``values`` to the end of ``list``.</doc>
<status status="PASS" starttime="20231019 01:38:13.060" endtime="20231019 01:38:13.075"/>
</kw>
<status status="PASS" starttime="20231019 01:38:13.060" endtime="20231019 01:38:13.075"/>
</iter>
<iter>
<var name="${element}">&lt;selenium.webdriver.remote.webelement.WebElement (session="591e2807a6efbf0648d0629ef6ccfadc", element="107D274F59002A19D8BD8A6062C95461_element_161")&gt;</var>
<kw name="Append To List" library="Collections">
<arg>${elem_txt_list}</arg>
<arg>${element.text}</arg>
<doc>Adds ``values`` to the end of ``list``.</doc>
<status status="PASS" starttime="20231019 01:38:13.075" endtime="20231019 01:38:13.087"/>
</kw>
<status status="PASS" starttime="20231019 01:38:13.075" endtime="20231019 01:38:13.087"/>
</iter>
<iter>
<var name="${element}">&lt;selenium.webdriver.remote.webelement.WebElement (session="591e2807a6efbf0648d0629ef6ccfadc", element="107D274F59002A19D8BD8A6062C95461_element_162")&gt;</var>
<kw name="Append To List" library="Collections">
<arg>${elem_txt_list}</arg>
<arg>${element.text}</arg>
<doc>Adds ``values`` to the end of ``list``.</doc>
<status status="PASS" starttime="20231019 01:38:13.087" endtime="20231019 01:38:13.096"/>
</kw>
<status status="PASS" starttime="20231019 01:38:13.087" endtime="20231019 01:38:13.097"/>
</iter>
<iter>
<var name="${element}">&lt;selenium.webdriver.remote.webelement.WebElement (session="591e2807a6efbf0648d0629ef6ccfadc", element="107D274F59002A19D8BD8A6062C95461_element_163")&gt;</var>
<kw name="Append To List" library="Collections">
<arg>${elem_txt_list}</arg>
<arg>${element.text}</arg>
<doc>Adds ``values`` to the end of ``list``.</doc>
<status status="PASS" starttime="20231019 01:38:13.097" endtime="20231019 01:38:13.106"/>
</kw>
<status status="PASS" starttime="20231019 01:38:13.097" endtime="20231019 01:38:13.106"/>
</iter>
<iter>
<var name="${element}">&lt;selenium.webdriver.remote.webelement.WebElement (session="591e2807a6efbf0648d0629ef6ccfadc", element="107D274F59002A19D8BD8A6062C95461_element_164")&gt;</var>
<kw name="Append To List" library="Collections">
<arg>${elem_txt_list}</arg>
<arg>${element.text}</arg>
<doc>Adds ``values`` to the end of ``list``.</doc>
<status status="PASS" starttime="20231019 01:38:13.106" endtime="20231019 01:38:13.115"/>
</kw>
<status status="PASS" starttime="20231019 01:38:13.106" endtime="20231019 01:38:13.115"/>
</iter>
<iter>
<var name="${element}">&lt;selenium.webdriver.remote.webelement.WebElement (session="591e2807a6efbf0648d0629ef6ccfadc", element="107D274F59002A19D8BD8A6062C95461_element_165")&gt;</var>
<kw name="Append To List" library="Collections">
<arg>${elem_txt_list}</arg>
<arg>${element.text}</arg>
<doc>Adds ``values`` to the end of ``list``.</doc>
<status status="PASS" starttime="20231019 01:38:13.115" endtime="20231019 01:38:13.126"/>
</kw>
<status status="PASS" starttime="20231019 01:38:13.115" endtime="20231019 01:38:13.126"/>
</iter>
<iter>
<var name="${element}">&lt;selenium.webdriver.remote.webelement.WebElement (session="591e2807a6efbf0648d0629ef6ccfadc", element="107D274F59002A19D8BD8A6062C95461_element_166")&gt;</var>
<kw name="Append To List" library="Collections">
<arg>${elem_txt_list}</arg>
<arg>${element.text}</arg>
<doc>Adds ``values`` to the end of ``list``.</doc>
<status status="PASS" starttime="20231019 01:38:13.127" endtime="20231019 01:38:13.137"/>
</kw>
<status status="PASS" starttime="20231019 01:38:13.127" endtime="20231019 01:38:13.137"/>
</iter>
<iter>
<var name="${element}">&lt;selenium.webdriver.remote.webelement.WebElement (session="591e2807a6efbf0648d0629ef6ccfadc", element="107D274F59002A19D8BD8A6062C95461_element_167")&gt;</var>
<kw name="Append To List" library="Collections">
<arg>${elem_txt_list}</arg>
<arg>${element.text}</arg>
<doc>Adds ``values`` to the end of ``list``.</doc>
<status status="PASS" starttime="20231019 01:38:13.137" endtime="20231019 01:38:13.146"/>
</kw>
<status status="PASS" starttime="20231019 01:38:13.137" endtime="20231019 01:38:13.146"/>
</iter>
<iter>
<var name="${element}">&lt;selenium.webdriver.remote.webelement.WebElement (session="591e2807a6efbf0648d0629ef6ccfadc", element="107D274F59002A19D8BD8A6062C95461_element_168")&gt;</var>
<kw name="Append To List" library="Collections">
<arg>${elem_txt_list}</arg>
<arg>${element.text}</arg>
<doc>Adds ``values`` to the end of ``list``.</doc>
<status status="PASS" starttime="20231019 01:38:13.146" endtime="20231019 01:38:13.155"/>
</kw>
<status status="PASS" starttime="20231019 01:38:13.146" endtime="20231019 01:38:13.155"/>
</iter>
<iter>
<var name="${element}">&lt;selenium.webdriver.remote.webelement.WebElement (session="591e2807a6efbf0648d0629ef6ccfadc", element="107D274F59002A19D8BD8A6062C95461_element_169")&gt;</var>
<kw name="Append To List" library="Collections">
<arg>${elem_txt_list}</arg>
<arg>${element.text}</arg>
<doc>Adds ``values`` to the end of ``list``.</doc>
<status status="PASS" starttime="20231019 01:38:13.156" endtime="20231019 01:38:13.165"/>
</kw>
<status status="PASS" starttime="20231019 01:38:13.156" endtime="20231019 01:38:13.165"/>
</iter>
<status status="PASS" starttime="20231019 01:38:13.045" endtime="20231019 01:38:13.165"/>
</for>
<msg timestamp="20231019 01:38:13.165" level="INFO">${actual_values_list} = ['First name\nJohn', 'Last name\nBaptist', 'Extension\nJr.', 'Unit no/House no, Street\nB20 L2 Moringa St. Brgy. Quezon City', 'Select postal code\n1000 - Bruxelles / Brussel', 'Country\nAlaska', 'Pho...</msg>
<status status="PASS" starttime="20231019 01:38:09.490" endtime="20231019 01:38:13.165"/>
</kw>
<kw name="List Should Contain Value" library="Collections">
<arg>${actual_values_list}</arg>
<arg>First name\n${app_form_data_first_name}</arg>
<doc>Fails if the ``value`` is not found from ``list``.</doc>
<status status="PASS" starttime="20231019 01:38:13.165" endtime="20231019 01:38:13.165"/>
</kw>
<kw name="List Should Contain Value" library="Collections">
<arg>${actual_values_list}</arg>
<arg>Last name\n${app_form_data_last_name}</arg>
<doc>Fails if the ``value`` is not found from ``list``.</doc>
<status status="PASS" starttime="20231019 01:38:13.165" endtime="20231019 01:38:13.166"/>
</kw>
<kw name="List Should Contain Value" library="Collections">
<arg>${actual_values_list}</arg>
<arg>Extension\n${app_form_data_extension}</arg>
<doc>Fails if the ``value`` is not found from ``list``.</doc>
<status status="PASS" starttime="20231019 01:38:13.166" endtime="20231019 01:38:13.166"/>
</kw>
<kw name="List Should Contain Value" library="Collections">
<arg>${actual_values_list}</arg>
<arg>Unit no/House no, Street\n${app_form_data_address}</arg>
<doc>Fails if the ``value`` is not found from ``list``.</doc>
<status status="PASS" starttime="20231019 01:38:13.166" endtime="20231019 01:38:13.166"/>
</kw>
<kw name="List Should Contain Value" library="Collections">
<arg>${actual_values_list}</arg>
<arg>Select postal code\n${app_form_data_postal_code} - Bruxelles / Brussel</arg>
<doc>Fails if the ``value`` is not found from ``list``.</doc>
<status status="PASS" starttime="20231019 01:38:13.167" endtime="20231019 01:38:13.167"/>
</kw>
<kw name="List Should Contain Value" library="Collections">
<arg>${actual_values_list}</arg>
<arg>Country\n${app_form_data_country}</arg>
<doc>Fails if the ``value`` is not found from ``list``.</doc>
<status status="PASS" starttime="20231019 01:38:13.167" endtime="20231019 01:38:13.167"/>
</kw>
<kw name="List Should Contain Value" library="Collections">
<arg>${actual_values_list}</arg>
<arg>Photo\n${app_form_data_file_name}</arg>
<doc>Fails if the ``value`` is not found from ``list``.</doc>
<status status="PASS" starttime="20231019 01:38:13.167" endtime="20231019 01:38:13.167"/>
</kw>
<kw name="List Should Contain Value" library="Collections">
<arg>${actual_values_list}</arg>
<arg>Gender\n${app_form_data_gender}</arg>
<doc>Fails if the ``value`` is not found from ``list``.</doc>
<status status="PASS" starttime="20231019 01:38:13.167" endtime="20231019 01:38:13.168"/>
</kw>
<kw name="List Should Contain Value" library="Collections">
<arg>${actual_values_list}</arg>
<arg>Select a role you're applying for\n${app_form_data_role}</arg>
<doc>Fails if the ``value`` is not found from ``list``.</doc>
<status status="PASS" starttime="20231019 01:38:13.168" endtime="20231019 01:38:13.168"/>
</kw>
<kw name="List Should Contain Value" library="Collections">
<arg>${actual_values_list}</arg>
<arg>Familiarity with tools, frameworks and programming languages\n${app_form_data_tools1}\n${app_form_data_tools2}</arg>
<doc>Fails if the ``value`` is not found from ``list``.</doc>
<status status="PASS" starttime="20231019 01:38:13.168" endtime="20231019 01:38:13.168"/>
</kw>
<kw name="List Should Contain Value" library="Collections">
<arg>${actual_values_list}</arg>
<arg>What is your career objective?\n${app_form_data_career_obj}</arg>
<doc>Fails if the ``value`` is not found from ``list``.</doc>
<status status="PASS" starttime="20231019 01:38:13.169" endtime="20231019 01:38:13.169"/>
</kw>
<kw name="click validate and send button" library="summary_page">
<kw name="scroll and click using javascript" library="utility_keywords">
<arg>${smmry_pg_validate_and_send_btn}</arg>
<kw name="Remove String" library="String">
<var>${final_selector}</var>
<arg>${selector}</arg>
<arg>css:</arg>
<doc>Removes all ``removables`` from the given ``string``.</doc>
<msg timestamp="20231019 01:38:13.170" level="INFO">${final_selector} = div.d-none&gt;button[id='submitButton']</msg>
<status status="PASS" starttime="20231019 01:38:13.169" endtime="20231019 01:38:13.170"/>
</kw>
<kw name="Execute Javascript" library="SeleniumLibrary">
<arg>document.querySelector("${final_selector}").scrollIntoView(true)</arg>
<doc>Executes the given JavaScript code with possible arguments.</doc>
<msg timestamp="20231019 01:38:13.170" level="INFO">Executing JavaScript:
document.querySelector("div.d-none&gt;button[id='submitButton']").scrollIntoView(true)
Without any arguments.</msg>
<status status="PASS" starttime="20231019 01:38:13.170" endtime="20231019 01:38:13.177"/>
</kw>
<kw name="Execute Javascript" library="SeleniumLibrary">
<arg>document.querySelector("${final_selector}").click()</arg>
<doc>Executes the given JavaScript code with possible arguments.</doc>
<msg timestamp="20231019 01:38:13.177" level="INFO">Executing JavaScript:
document.querySelector("div.d-none&gt;button[id='submitButton']").click()
Without any arguments.</msg>
<status status="PASS" starttime="20231019 01:38:13.177" endtime="20231019 01:38:13.188"/>
</kw>
<status status="PASS" starttime="20231019 01:38:13.169" endtime="20231019 01:38:13.189"/>
</kw>
<status status="PASS" starttime="20231019 01:38:13.169" endtime="20231019 01:38:13.189"/>
</kw>
<status status="PASS" starttime="20231019 01:38:09.489" endtime="20231019 01:38:13.189"/>
</kw>
<kw name="Then user should be submitted the application form successfully" library="submit_application_steps">
<kw name="validate messages on success submission of form are present" library="thank_you_page">
<kw name="get and compare the text of the element" library="utility_keywords">
<arg>${thnk_you_pg_header_text}</arg>
<arg>Thank you for submitting your project</arg>
<kw name="Get Text" library="SeleniumLibrary">
<var>${actual_text}</var>
<arg>${element}</arg>
<doc>Returns the text value of the element identified by ``locator``.</doc>
<msg timestamp="20231019 01:38:15.404" level="INFO">${actual_text} = Thank you for submitting your project</msg>
<status status="PASS" starttime="20231019 01:38:13.190" endtime="20231019 01:38:15.405"/>
</kw>
<kw name="Should Be Equal" library="BuiltIn">
<arg>${actual_text.strip()}</arg>
<arg>${expected_text}</arg>
<doc>Fails if the given objects are unequal.</doc>
<status status="PASS" starttime="20231019 01:38:15.405" endtime="20231019 01:38:15.406"/>
</kw>
<status status="PASS" starttime="20231019 01:38:13.190" endtime="20231019 01:38:15.406"/>
</kw>
<kw name="get and compare the text of the element" library="utility_keywords">
<arg>${thnk_you_pg_thank_you_text}</arg>
<arg>The selection process will start and we will respond as soon as possible.</arg>
<kw name="Get Text" library="SeleniumLibrary">
<var>${actual_text}</var>
<arg>${element}</arg>
<doc>Returns the text value of the element identified by ``locator``.</doc>
<msg timestamp="20231019 01:38:15.425" level="INFO">${actual_text} = The selection process will start and we will respond as soon as possible.</msg>
<status status="PASS" starttime="20231019 01:38:15.406" endtime="20231019 01:38:15.425"/>
</kw>
<kw name="Should Be Equal" library="BuiltIn">
<arg>${actual_text.strip()}</arg>
<arg>${expected_text}</arg>
<doc>Fails if the given objects are unequal.</doc>
<status status="PASS" starttime="20231019 01:38:15.425" endtime="20231019 01:38:15.426"/>
</kw>
<status status="PASS" starttime="20231019 01:38:15.406" endtime="20231019 01:38:15.427"/>
</kw>
<status status="PASS" starttime="20231019 01:38:13.189" endtime="20231019 01:38:15.427"/>
</kw>
<status status="PASS" starttime="20231019 01:38:13.189" endtime="20231019 01:38:15.427"/>
</kw>
<kw name="Close Browser" library="SeleniumLibrary" type="TEARDOWN">
<doc>Closes the current browser.</doc>
<status status="PASS" starttime="20231019 01:38:15.427" endtime="20231019 01:38:15.545"/>
</kw>
<status status="PASS" starttime="20231019 01:37:46.657" endtime="20231019 01:38:15.545"/>
</test>
<status status="PASS" starttime="20231019 01:37:46.243" endtime="20231019 01:38:15.546"/>
</suite>
<statistics>
<total>
<stat pass="1" fail="0" skip="0">All Tests</stat>
</total>
<tag>
</tag>
<suite>
<stat pass="1" fail="0" skip="0" id="s1" name="Submit Application">Submit Application</stat>
</suite>
</statistics>
<errors>
</errors>
</robot>
